INFO:  latexindent.pl version 3.18, 2022-06-12, a script to indent .tex files
       latexindent.pl lives here: /opt/homebrew/Cellar/latexindent/3.18/libexec/bin/
       Wed Sep 14 18:47:42 2022
       Filename: /Users/constantine/git/document-presets/essay/__latexindent_temp.tex
INFO:  Processing switches:
       -y|--yaml: YAML settings specified via command line
       -m|--modifylinebreaks: modify line breaks
       -c|--cruft: cruft directory
INFO:  Directory for backup files and /Users/constantine/git/document-presets/essay/.out//indent.log:
       /Users/constantine/git/document-presets/essay/.out/
INFO:  Perl modules are being loaded from the following directories:
       /opt/homebrew/opt/perl/lib/perl5/5.34/FindBin.pm
       /opt/homebrew/Cellar/latexindent/3.18/libexec/lib/perl5/YAML/Tiny.pm
       /opt/homebrew/opt/perl/lib/perl5/5.34/File/Copy.pm
       /opt/homebrew/opt/perl/lib/perl5/5.34/File/Basename.pm
       /opt/homebrew/opt/perl/lib/perl5/5.34/Getopt/Long.pm
       /opt/homebrew/Cellar/latexindent/3.18/libexec/lib/perl5/File/HomeDir.pm
INFO:  LatexIndent perl modules are being loaded from, for example:
       /opt/homebrew/Cellar/latexindent/3.18/libexec/lib/perl5/LatexIndent/Document.pm
INFO:  YAML settings read: defaultSettings.yaml
       Reading defaultSettings.yaml from /opt/homebrew/Cellar/latexindent/3.18/libexec/bin/defaultSettings.yaml
INFO:  YAML settings read: indentconfig.yaml or .indentconfig.yaml
       Home directory is /Users/constantine (didn't find either indentconfig.yaml or .indentconfig.yaml)
       To specify user settings you would put indentconfig.yaml here: /Users/constantine/indentconfig.yaml
       Alternatively, you can use the hidden file .indentconfig.yaml as: /Users/constantine/.indentconfig.yaml
INFO:  YAML settings read: -y switch
       YAML setting: modifyLineBreaks:textWrapOptions:columns:80
       Updating mainSettings with modifyLineBreaks: textWrapOptions: columns: 80
INFO:  Phase 1: searching for objects
       No objects found.
INFO:  Phase 2: finding surrounding indentation
INFO:  Phase 3: indenting objects
INFO:  Phase 4: final indentation check
INFO:  Output routine:
       Not outputting to file; see -w and -o switches for more options.
       --------------
INFO:  Please direct all communication/issues to:
        https://github.com/cmhughes/latexindent.pl
